FATAL [Thread-3] 2019-11-13 12:50:29,286 repast.simphony.ui.GUIScheduleRunner - RunTimeException when running the schedule
Current tick (1.0)
java.lang.RuntimeException: java.lang.reflect.InvocationTargetException
	at repast.simphony.engine.schedule.DynamicTargetAction.execute(DynamicTargetAction.java:72)
	at repast.simphony.engine.controller.ScheduledMethodControllerAction$ScheduleMethodAllAction.execute(ScheduledMethodControllerAction.java:333)
	at repast.simphony.engine.schedule.DefaultAction.execute(DefaultAction.java:38)
	at repast.simphony.engine.schedule.ScheduleGroup.executeList(ScheduleGroup.java:205)
	at repast.simphony.engine.schedule.ScheduleGroup.execute(ScheduleGroup.java:231)
	at repast.simphony.engine.schedule.Schedule.execute(Schedule.java:352)
	at repast.simphony.ui.GUIScheduleRunner$ScheduleLoopRunnable.run(GUIScheduleRunner.java:52)
	at java.base/java.lang.Thread.run(Thread.java:835)
Caused by: java.lang.reflect.InvocationTargetException
	at antworld.relogo.UserObserver$$FastClassByCGLIB$$9f19b90e.invoke(<generated>)
	at net.sf.cglib.reflect.FastMethod.invoke(FastMethod.java:53)
	at repast.simphony.engine.schedule.DynamicTargetAction.execute(DynamicTargetAction.java:69)
	... 7 more
Caused by: groovy.lang.MissingMethodException: No signature of method: antworld.relogo.UserObserver.humans() is applicable for argument types: () values: []
Possible solutions: dump(), any(), equals(java.lang.Object), run(java.lang.String), any(groovy.lang.Closure), putAt(java.lang.String, java.lang.Object)
	at org.codehaus.groovy.runtime.ScriptBytecodeAdapter.unwrap(ScriptBytecodeAdapter.java:71)
	at org.codehaus.groovy.runtime.callsite.PogoMetaClassSite.callCurrent(PogoMetaClassSite.java:80)
	at org.codehaus.groovy.runtime.callsite.CallSiteArray.defaultCallCurrent(CallSiteArray.java:51)
	at org.codehaus.groovy.runtime.callsite.AbstractCallSite.callCurrent(AbstractCallSite.java:157)
	at org.codehaus.groovy.runtime.callsite.AbstractCallSite.callCurrent(AbstractCallSite.java:161)
	at antworld.relogo.UserObserver.go(UserObserver.groovy:61)
	... 10 more
FATAL [Thread-4] 2019-11-13 12:50:38,004 repast.simphony.ui.GUIScheduleRunner - RunTimeException when running the schedule
Current tick (1.0)
java.lang.RuntimeException: java.lang.reflect.InvocationTargetException
	at repast.simphony.engine.schedule.DynamicTargetAction.execute(DynamicTargetAction.java:72)
	at repast.simphony.engine.controller.ScheduledMethodControllerAction$ScheduleMethodAllAction.execute(ScheduledMethodControllerAction.java:333)
	at repast.simphony.engine.schedule.DefaultAction.execute(DefaultAction.java:38)
	at repast.simphony.engine.schedule.ScheduleGroup.executeList(ScheduleGroup.java:205)
	at repast.simphony.engine.schedule.ScheduleGroup.execute(ScheduleGroup.java:231)
	at repast.simphony.engine.schedule.Schedule.execute(Schedule.java:352)
	at repast.simphony.ui.GUIScheduleRunner$ScheduleLoopRunnable.run(GUIScheduleRunner.java:52)
	at java.base/java.lang.Thread.run(Thread.java:835)
Caused by: java.lang.reflect.InvocationTargetException
	at antworld.relogo.UserObserver$$FastClassByCGLIB$$9f19b90e.invoke(<generated>)
	at net.sf.cglib.reflect.FastMethod.invoke(FastMethod.java:53)
	at repast.simphony.engine.schedule.DynamicTargetAction.execute(DynamicTargetAction.java:69)
	... 7 more
Caused by: groovy.lang.MissingMethodException: No signature of method: antworld.relogo.UserObserver.humans() is applicable for argument types: () values: []
Possible solutions: dump(), any(), equals(java.lang.Object), run(java.lang.String), any(groovy.lang.Closure), putAt(java.lang.String, java.lang.Object)
	at org.codehaus.groovy.runtime.ScriptBytecodeAdapter.unwrap(ScriptBytecodeAdapter.java:71)
	at org.codehaus.groovy.runtime.callsite.PogoMetaClassSite.callCurrent(PogoMetaClassSite.java:80)
	at org.codehaus.groovy.runtime.callsite.AbstractCallSite.callCurrent(AbstractCallSite.java:161)
	at antworld.relogo.UserObserver.go(UserObserver.groovy:61)
	... 10 more
FATAL [Thread-5] 2019-11-13 12:50:46,975 repast.simphony.ui.GUIScheduleRunner - RunTimeException when running the schedule
Current tick (1.0)
java.lang.RuntimeException: java.lang.reflect.InvocationTargetException
	at repast.simphony.engine.schedule.DynamicTargetAction.execute(DynamicTargetAction.java:72)
	at repast.simphony.engine.controller.ScheduledMethodControllerAction$ScheduleMethodAllAction.execute(ScheduledMethodControllerAction.java:333)
	at repast.simphony.engine.schedule.DefaultAction.execute(DefaultAction.java:38)
	at repast.simphony.engine.schedule.ScheduleGroup.executeList(ScheduleGroup.java:205)
	at repast.simphony.engine.schedule.ScheduleGroup.execute(ScheduleGroup.java:231)
	at repast.simphony.engine.schedule.Schedule.execute(Schedule.java:352)
	at repast.simphony.ui.GUIScheduleRunner$ScheduleLoopRunnable.run(GUIScheduleRunner.java:52)
	at java.base/java.lang.Thread.run(Thread.java:835)
Caused by: java.lang.reflect.InvocationTargetException
	at antworld.relogo.UserObserver$$FastClassByCGLIB$$9f19b90e.invoke(<generated>)
	at net.sf.cglib.reflect.FastMethod.invoke(FastMethod.java:53)
	at repast.simphony.engine.schedule.DynamicTargetAction.execute(DynamicTargetAction.java:69)
	... 7 more
Caused by: groovy.lang.MissingMethodException: No signature of method: antworld.relogo.UserObserver.humans() is applicable for argument types: () values: []
Possible solutions: dump(), any(), equals(java.lang.Object), run(java.lang.String), any(groovy.lang.Closure), putAt(java.lang.String, java.lang.Object)
	at org.codehaus.groovy.runtime.ScriptBytecodeAdapter.unwrap(ScriptBytecodeAdapter.java:71)
	at org.codehaus.groovy.runtime.callsite.PogoMetaClassSite.callCurrent(PogoMetaClassSite.java:80)
	at org.codehaus.groovy.runtime.callsite.AbstractCallSite.callCurrent(AbstractCallSite.java:161)
	at antworld.relogo.UserObserver.go(UserObserver.groovy:61)
	... 10 more
ERROR [AWT-EventQueue-0] 2019-11-13 20:35:02,162 repast.simphony.ui.plugin.editor.OptionsDialog - Error applying content in Options Dialog
repast.simphony.ui.plugin.editor.InvalidStateException: org.pietschy.wizard.InvalidStateException
	at repast.simphony.ui.plugin.editor.OptionsContentWizardStepAdapter.apply(OptionsContentWizardStepAdapter.java:41)
	at repast.simphony.ui.plugin.editor.OptionsDialog.apply(OptionsDialog.java:170)
	at repast.simphony.ui.plugin.editor.OptionsDialog$2.actionPerformed(OptionsDialog.java:118)
	at java.desktop/javax.swing.AbstractButton.fireActionPerformed(AbstractButton.java:1967)
	at java.desktop/javax.swing.AbstractButton$Handler.actionPerformed(AbstractButton.java:2308)
	at java.desktop/javax.swing.DefaultButtonModel.fireActionPerformed(DefaultButtonModel.java:405)
	at java.desktop/javax.swing.DefaultButtonModel.setPressed(DefaultButtonModel.java:262)
	at java.desktop/javax.swing.plaf.basic.BasicButtonListener.mouseReleased(BasicButtonListener.java:279)
	at java.desktop/java.awt.Component.processMouseEvent(Component.java:6632)
	at java.desktop/javax.swing.JComponent.processMouseEvent(JComponent.java:3342)
	at java.desktop/java.awt.Component.processEvent(Component.java:6397)
	at java.desktop/java.awt.Container.processEvent(Container.java:2263)
	at java.desktop/java.awt.Component.dispatchEventImpl(Component.java:5008)
	at java.desktop/java.awt.Container.dispatchEventImpl(Container.java:2321)
	at java.desktop/java.awt.Component.dispatchEvent(Component.java:4840)
	at java.desktop/java.awt.LightweightDispatcher.retargetMouseEvent(Container.java:4918)
	at java.desktop/java.awt.LightweightDispatcher.processMouseEvent(Container.java:4547)
	at java.desktop/java.awt.LightweightDispatcher.dispatchEvent(Container.java:4488)
	at java.desktop/java.awt.Container.dispatchEventImpl(Container.java:2307)
	at java.desktop/java.awt.Window.dispatchEventImpl(Window.java:2762)
	at java.desktop/java.awt.Component.dispatchEvent(Component.java:4840)
	at java.desktop/java.awt.EventQueue.dispatchEventImpl(EventQueue.java:772)
	at java.desktop/java.awt.EventQueue$4.run(EventQueue.java:721)
	at java.desktop/java.awt.EventQueue$4.run(EventQueue.java:715)
	at java.base/java.security.AccessController.doPrivileged(AccessController.java:389)
	at java.base/java.security.ProtectionDomain$JavaSecurityAccessImpl.doIntersectionPrivilege(ProtectionDomain.java:85)
	at java.base/java.security.ProtectionDomain$JavaSecurityAccessImpl.doIntersectionPrivilege(ProtectionDomain.java:95)
	at java.desktop/java.awt.EventQueue$5.run(EventQueue.java:745)
	at java.desktop/java.awt.EventQueue$5.run(EventQueue.java:743)
	at java.base/java.security.AccessController.doPrivileged(AccessController.java:389)
	at java.base/java.security.ProtectionDomain$JavaSecurityAccessImpl.doIntersectionPrivilege(ProtectionDomain.java:85)
	at java.desktop/java.awt.EventQueue.dispatchEvent(EventQueue.java:742)
	at java.desktop/java.awt.EventDispatchThread.pumpOneEventForFilters(EventDispatchThread.java:203)
	at java.desktop/java.awt.EventDispatchThread.pumpEventsForFilter(EventDispatchThread.java:124)
	at java.desktop/java.awt.EventDispatchThread.pumpEventsForFilter(EventDispatchThread.java:117)
	at java.desktop/java.awt.WaitDispatchSupport$2.run(WaitDispatchSupport.java:190)
	at java.desktop/java.awt.WaitDispatchSupport$4.run(WaitDispatchSupport.java:235)
	at java.desktop/java.awt.WaitDispatchSupport$4.run(WaitDispatchSupport.java:233)
	at java.base/java.security.AccessController.doPrivileged(AccessController.java:310)
	at java.desktop/java.awt.WaitDispatchSupport.enter(WaitDispatchSupport.java:233)
	at java.desktop/java.awt.Dialog.show(Dialog.java:1070)
	at java.desktop/java.awt.Component.show(Component.java:1716)
	at java.desktop/java.awt.Component.setVisible(Component.java:1663)
	at java.desktop/java.awt.Window.setVisible(Window.java:1021)
	at java.desktop/java.awt.Dialog.setVisible(Dialog.java:1005)
	at repast.simphony.ui.plugin.editor.OptionsDialog.showDialog(OptionsDialog.java:252)
	at repast.simphony.ui.plugin.editor.OptionsEditorDialog.display(OptionsEditorDialog.java:59)
	at repast.simphony.ui.tree.ScenarioTree.showDialog(ScenarioTree.java:251)
	at repast.simphony.ui.tree.ScenarioTree.access$1(ScenarioTree.java:242)
	at repast.simphony.ui.tree.ScenarioTree$1.mouseClicked(ScenarioTree.java:51)
	at java.desktop/java.awt.AWTEventMulticaster.mouseClicked(AWTEventMulticaster.java:278)
	at java.desktop/java.awt.Component.processMouseEvent(Component.java:6635)
	at java.desktop/javax.swing.JComponent.processMouseEvent(JComponent.java:3342)
	at java.desktop/java.awt.Component.processEvent(Component.java:6397)
	at java.desktop/java.awt.Container.processEvent(Container.java:2263)
	at java.desktop/java.awt.Component.dispatchEventImpl(Component.java:5008)
	at java.desktop/java.awt.Container.dispatchEventImpl(Container.java:2321)
	at java.desktop/java.awt.Component.dispatchEvent(Component.java:4840)
	at java.desktop/java.awt.LightweightDispatcher.retargetMouseEvent(Container.java:4918)
	at java.desktop/java.awt.LightweightDispatcher.processMouseEvent(Container.java:4556)
	at java.desktop/java.awt.LightweightDispatcher.dispatchEvent(Container.java:4488)
	at java.desktop/java.awt.Container.dispatchEventImpl(Container.java:2307)
	at java.desktop/java.awt.Window.dispatchEventImpl(Window.java:2762)
	at java.desktop/java.awt.Component.dispatchEvent(Component.java:4840)
	at java.desktop/java.awt.EventQueue.dispatchEventImpl(EventQueue.java:772)
	at java.desktop/java.awt.EventQueue$4.run(EventQueue.java:721)
	at java.desktop/java.awt.EventQueue$4.run(EventQueue.java:715)
	at java.base/java.security.AccessController.doPrivileged(AccessController.java:389)
	at java.base/java.security.ProtectionDomain$JavaSecurityAccessImpl.doIntersectionPrivilege(ProtectionDomain.java:85)
	at java.base/java.security.ProtectionDomain$JavaSecurityAccessImpl.doIntersectionPrivilege(ProtectionDomain.java:95)
	at java.desktop/java.awt.EventQueue$5.run(EventQueue.java:745)
	at java.desktop/java.awt.EventQueue$5.run(EventQueue.java:743)
	at java.base/java.security.AccessController.doPrivileged(AccessController.java:389)
	at java.base/java.security.ProtectionDomain$JavaSecurityAccessImpl.doIntersectionPrivilege(ProtectionDomain.java:85)
	at java.desktop/java.awt.EventQueue.dispatchEvent(EventQueue.java:742)
	at java.desktop/java.awt.EventDispatchThread.pumpOneEventForFilters(EventDispatchThread.java:203)
	at java.desktop/java.awt.EventDispatchThread.pumpEventsForFilter(EventDispatchThread.java:124)
	at java.desktop/java.awt.EventDispatchThread.pumpEventsForHierarchy(EventDispatchThread.java:113)
	at java.desktop/java.awt.EventDispatchThread.pumpEvents(EventDispatchThread.java:109)
	at java.desktop/java.awt.EventDispatchThread.pumpEvents(EventDispatchThread.java:101)
	at java.desktop/java.awt.EventDispatchThread.run(EventDispatchThread.java:90)
Caused by: org.pietschy.wizard.InvalidStateException
	at repast.simphony.visualization.gui.ScheduleStep.applyState(ScheduleStep.java:47)
	at repast.simphony.ui.plugin.editor.OptionsContentWizardStepAdapter.apply(OptionsContentWizardStepAdapter.java:39)
	... 80 more
FATAL [Thread-3] 2019-11-13 20:53:25,982 repast.simphony.ui.GUIScheduleRunner - RunTimeException when running the schedule
Current tick (0.0)
java.lang.RuntimeException: java.lang.reflect.InvocationTargetException
	at repast.simphony.engine.schedule.DynamicTargetAction.execute(DynamicTargetAction.java:72)
	at repast.simphony.engine.controller.ScheduledMethodControllerAction$ScheduleMethodAllAction.execute(ScheduledMethodControllerAction.java:333)
	at repast.simphony.engine.schedule.DefaultAction.execute(DefaultAction.java:38)
	at repast.simphony.engine.schedule.ScheduleGroup.executeList(ScheduleGroup.java:205)
	at repast.simphony.engine.schedule.ScheduleGroup.execute(ScheduleGroup.java:231)
	at repast.simphony.engine.schedule.Schedule.execute(Schedule.java:352)
	at repast.simphony.ui.GUIScheduleRunner$ScheduleLoopRunnable.run(GUIScheduleRunner.java:52)
	at java.base/java.lang.Thread.run(Thread.java:835)
Caused by: java.lang.reflect.InvocationTargetException
	at antworld.relogo.UserObserver$$FastClassByCGLIB$$9f19b90e.invoke(<generated>)
	at net.sf.cglib.reflect.FastMethod.invoke(FastMethod.java:53)
	at repast.simphony.engine.schedule.DynamicTargetAction.execute(DynamicTargetAction.java:69)
	... 7 more
Caused by: groovy.lang.MissingMethodException: No signature of method: antworld.relogo.UserObserver.BouncyBorders() is applicable for argument types: () values: []
	at org.codehaus.groovy.runtime.ScriptBytecodeAdapter.unwrap(ScriptBytecodeAdapter.java:71)
	at org.codehaus.groovy.runtime.callsite.PogoMetaClassSite.callCurrent(PogoMetaClassSite.java:80)
	at org.codehaus.groovy.runtime.callsite.CallSiteArray.defaultCallCurrent(CallSiteArray.java:51)
	at org.codehaus.groovy.runtime.callsite.AbstractCallSite.callCurrent(AbstractCallSite.java:157)
	at org.codehaus.groovy.runtime.callsite.AbstractCallSite.callCurrent(AbstractCallSite.java:161)
	at antworld.relogo.UserObserver.setup(UserObserver.groovy:55)
	... 10 more
FATAL [Thread-3] 2019-11-14 14:06:40,864 repast.simphony.ui.GUIScheduleRunner - RunTimeException when running the schedule
Current tick (0.0)
java.lang.RuntimeException: java.lang.reflect.InvocationTargetException
	at repast.simphony.engine.schedule.DynamicTargetAction.execute(DynamicTargetAction.java:72)
	at repast.simphony.engine.controller.ScheduledMethodControllerAction$ScheduleMethodAllAction.execute(ScheduledMethodControllerAction.java:333)
	at repast.simphony.engine.schedule.DefaultAction.execute(DefaultAction.java:38)
	at repast.simphony.engine.schedule.ScheduleGroup.executeList(ScheduleGroup.java:205)
	at repast.simphony.engine.schedule.ScheduleGroup.execute(ScheduleGroup.java:231)
	at repast.simphony.engine.schedule.Schedule.execute(Schedule.java:352)
	at repast.simphony.ui.GUIScheduleRunner$ScheduleLoopRunnable.run(GUIScheduleRunner.java:52)
	at java.base/java.lang.Thread.run(Thread.java:835)
Caused by: java.lang.reflect.InvocationTargetException
	at antworld.relogo.UserObserver$$FastClassByCGLIB$$9f19b90e.invoke(<generated>)
	at net.sf.cglib.reflect.FastMethod.invoke(FastMethod.java:53)
	at repast.simphony.engine.schedule.DynamicTargetAction.execute(DynamicTargetAction.java:69)
	... 7 more
Caused by: java.lang.NullPointerException
	at repast.simphony.relogo.Utility.getMinPxcorU(Utility.java:216)
	at repast.simphony.relogo.AbstractTurtle.getMinPxcor(AbstractTurtle.java:2011)
	at java.base/jdk.internal.reflect.NativeMethodAccessorImpl.invoke0(Native Method)
	at java.base/jdk.internal.reflect.NativeMethodAccessorImpl.invoke(NativeMethodAccessorImpl.java:62)
	at java.base/jdk.internal.reflect.DelegatingMethodAccessorImpl.invoke(DelegatingMethodAccessorImpl.java:43)
	at java.base/java.lang.reflect.Method.invoke(Method.java:567)
	at org.codehaus.groovy.reflection.CachedMethod.invoke(CachedMethod.java:98)
	at groovy.lang.MetaMethod.doMethodInvoke(MetaMethod.java:325)
	at org.codehaus.groovy.runtime.metaclass.MethodMetaProperty$GetBeanMethodMetaProperty.getProperty(MethodMetaProperty.java:76)
	at org.codehaus.groovy.runtime.callsite.GetEffectivePogoPropertySite.getProperty(GetEffectivePogoPropertySite.java:85)
	at org.codehaus.groovy.runtime.callsite.AbstractCallSite.callGroovyObjectGetProperty(AbstractCallSite.java:310)
	at antworld.relogo.AntWorker.<init>(AntWorker.groovy)
	at java.base/jdk.internal.reflect.NativeConstructorAccessorImpl.newInstance0(Native Method)
	at java.base/jdk.internal.reflect.NativeConstructorAccessorImpl.newInstance(NativeConstructorAccessorImpl.java:62)
	at java.base/jdk.internal.reflect.DelegatingConstructorAccessorImpl.newInstance(DelegatingConstructorAccessorImpl.java:45)
	at java.base/java.lang.reflect.Constructor.newInstanceWithCaller(Constructor.java:500)
	at java.base/java.lang.reflect.ReflectAccess.newInstance(ReflectAccess.java:166)
	at java.base/jdk.internal.reflect.ReflectionFactory.newInstance(ReflectionFactory.java:404)
	at java.base/java.lang.Class.newInstance(Class.java:590)
	at repast.simphony.relogo.factories.TurtleFactory.createTurtle(TurtleFactory.java:156)
	at repast.simphony.relogo.factories.TurtleFactory.createTurtle(TurtleFactory.java:121)
	at repast.simphony.relogo.AbstractObserver.crt(AbstractObserver.java:425)
	at antworld.ReLogoObserver.createAntWorkers(ReLogoObserver.java:30)
	at antworld.ReLogoObserver$createAntWorkers.callCurrent(Unknown Source)
	at org.codehaus.groovy.runtime.callsite.CallSiteArray.defaultCallCurrent(CallSiteArray.java:51)
	at org.codehaus.groovy.runtime.callsite.AbstractCallSite.callCurrent(AbstractCallSite.java:157)
	at org.codehaus.groovy.runtime.callsite.AbstractCallSite.callCurrent(AbstractCallSite.java:177)
	at antworld.relogo.UserObserver.setup(UserObserver.groovy:22)
	... 10 more
FATAL [Thread-4] 2019-11-14 14:07:16,475 repast.simphony.ui.GUIScheduleRunner - RunTimeException when running the schedule
Current tick (0.0)
java.lang.RuntimeException: java.lang.reflect.InvocationTargetException
	at repast.simphony.engine.schedule.DynamicTargetAction.execute(DynamicTargetAction.java:72)
	at repast.simphony.engine.controller.ScheduledMethodControllerAction$ScheduleMethodAllAction.execute(ScheduledMethodControllerAction.java:333)
	at repast.simphony.engine.schedule.DefaultAction.execute(DefaultAction.java:38)
	at repast.simphony.engine.schedule.ScheduleGroup.executeList(ScheduleGroup.java:205)
	at repast.simphony.engine.schedule.ScheduleGroup.execute(ScheduleGroup.java:231)
	at repast.simphony.engine.schedule.Schedule.execute(Schedule.java:352)
	at repast.simphony.ui.GUIScheduleRunner$ScheduleLoopRunnable.run(GUIScheduleRunner.java:52)
	at java.base/java.lang.Thread.run(Thread.java:835)
Caused by: java.lang.reflect.InvocationTargetException
	at antworld.relogo.UserObserver$$FastClassByCGLIB$$9f19b90e.invoke(<generated>)
	at net.sf.cglib.reflect.FastMethod.invoke(FastMethod.java:53)
	at repast.simphony.engine.schedule.DynamicTargetAction.execute(DynamicTargetAction.java:69)
	... 7 more
Caused by: java.lang.NullPointerException
	at repast.simphony.relogo.Utility.getMinPxcorU(Utility.java:216)
	at repast.simphony.relogo.AbstractTurtle.getMinPxcor(AbstractTurtle.java:2011)
	at java.base/jdk.internal.reflect.NativeMethodAccessorImpl.invoke0(Native Method)
	at java.base/jdk.internal.reflect.NativeMethodAccessorImpl.invoke(NativeMethodAccessorImpl.java:62)
	at java.base/jdk.internal.reflect.DelegatingMethodAccessorImpl.invoke(DelegatingMethodAccessorImpl.java:43)
	at java.base/java.lang.reflect.Method.invoke(Method.java:567)
	at org.codehaus.groovy.reflection.CachedMethod.invoke(CachedMethod.java:98)
	at groovy.lang.MetaMethod.doMethodInvoke(MetaMethod.java:325)
	at org.codehaus.groovy.runtime.metaclass.MethodMetaProperty$GetBeanMethodMetaProperty.getProperty(MethodMetaProperty.java:76)
	at org.codehaus.groovy.runtime.callsite.GetEffectivePogoPropertySite.callGroovyObjectGetProperty(GetEffectivePogoPropertySite.java:68)
	at antworld.relogo.AntWorker.<init>(AntWorker.groovy)
	at java.base/jdk.internal.reflect.NativeConstructorAccessorImpl.newInstance0(Native Method)
	at java.base/jdk.internal.reflect.NativeConstructorAccessorImpl.newInstance(NativeConstructorAccessorImpl.java:62)
	at java.base/jdk.internal.reflect.DelegatingConstructorAccessorImpl.newInstance(DelegatingConstructorAccessorImpl.java:45)
	at java.base/java.lang.reflect.Constructor.newInstanceWithCaller(Constructor.java:500)
	at java.base/java.lang.reflect.ReflectAccess.newInstance(ReflectAccess.java:166)
	at java.base/jdk.internal.reflect.ReflectionFactory.newInstance(ReflectionFactory.java:404)
	at java.base/java.lang.Class.newInstance(Class.java:590)
	at repast.simphony.relogo.factories.TurtleFactory.createTurtle(TurtleFactory.java:156)
	at repast.simphony.relogo.factories.TurtleFactory.createTurtle(TurtleFactory.java:121)
	at repast.simphony.relogo.AbstractObserver.crt(AbstractObserver.java:425)
	at antworld.ReLogoObserver.createAntWorkers(ReLogoObserver.java:30)
	at antworld.ReLogoObserver$createAntWorkers.callCurrent(Unknown Source)
	at antworld.relogo.UserObserver.setup(UserObserver.groovy:22)
	... 10 more
FATAL [Thread-3] 2019-11-14 14:07:44,959 repast.simphony.ui.GUIScheduleRunner - RunTimeException when running the schedule
Current tick (0.0)
java.lang.RuntimeException: java.lang.reflect.InvocationTargetException
	at repast.simphony.engine.schedule.DynamicTargetAction.execute(DynamicTargetAction.java:72)
	at repast.simphony.engine.controller.ScheduledMethodControllerAction$ScheduleMethodAllAction.execute(ScheduledMethodControllerAction.java:333)
	at repast.simphony.engine.schedule.DefaultAction.execute(DefaultAction.java:38)
	at repast.simphony.engine.schedule.ScheduleGroup.executeList(ScheduleGroup.java:205)
	at repast.simphony.engine.schedule.ScheduleGroup.execute(ScheduleGroup.java:231)
	at repast.simphony.engine.schedule.Schedule.execute(Schedule.java:352)
	at repast.simphony.ui.GUIScheduleRunner$ScheduleLoopRunnable.run(GUIScheduleRunner.java:52)
	at java.base/java.lang.Thread.run(Thread.java:835)
Caused by: java.lang.reflect.InvocationTargetException
	at antworld.relogo.UserObserver$$FastClassByCGLIB$$9f19b90e.invoke(<generated>)
	at net.sf.cglib.reflect.FastMethod.invoke(FastMethod.java:53)
	at repast.simphony.engine.schedule.DynamicTargetAction.execute(DynamicTargetAction.java:69)
	... 7 more
Caused by: java.lang.NullPointerException
	at repast.simphony.relogo.Utility.getMinPxcorU(Utility.java:216)
	at repast.simphony.relogo.AbstractTurtle.getMinPxcor(AbstractTurtle.java:2011)
	at java.base/jdk.internal.reflect.NativeMethodAccessorImpl.invoke0(Native Method)
	at java.base/jdk.internal.reflect.NativeMethodAccessorImpl.invoke(NativeMethodAccessorImpl.java:62)
	at java.base/jdk.internal.reflect.DelegatingMethodAccessorImpl.invoke(DelegatingMethodAccessorImpl.java:43)
	at java.base/java.lang.reflect.Method.invoke(Method.java:567)
	at org.codehaus.groovy.reflection.CachedMethod.invoke(CachedMethod.java:98)
	at groovy.lang.MetaMethod.doMethodInvoke(MetaMethod.java:325)
	at org.codehaus.groovy.runtime.metaclass.MethodMetaProperty$GetBeanMethodMetaProperty.getProperty(MethodMetaProperty.java:76)
	at org.codehaus.groovy.runtime.callsite.GetEffectivePogoPropertySite.getProperty(GetEffectivePogoPropertySite.java:85)
	at org.codehaus.groovy.runtime.callsite.AbstractCallSite.callGroovyObjectGetProperty(AbstractCallSite.java:310)
	at antworld.relogo.AntWorker.<init>(AntWorker.groovy)
	at java.base/jdk.internal.reflect.NativeConstructorAccessorImpl.newInstance0(Native Method)
	at java.base/jdk.internal.reflect.NativeConstructorAccessorImpl.newInstance(NativeConstructorAccessorImpl.java:62)
	at java.base/jdk.internal.reflect.DelegatingConstructorAccessorImpl.newInstance(DelegatingConstructorAccessorImpl.java:45)
	at java.base/java.lang.reflect.Constructor.newInstanceWithCaller(Constructor.java:500)
	at java.base/java.lang.reflect.ReflectAccess.newInstance(ReflectAccess.java:166)
	at java.base/jdk.internal.reflect.ReflectionFactory.newInstance(ReflectionFactory.java:404)
	at java.base/java.lang.Class.newInstance(Class.java:590)
	at repast.simphony.relogo.factories.TurtleFactory.createTurtle(TurtleFactory.java:156)
	at repast.simphony.relogo.factories.TurtleFactory.createTurtle(TurtleFactory.java:121)
	at repast.simphony.relogo.AbstractObserver.crt(AbstractObserver.java:425)
	at antworld.ReLogoObserver.createAntWorkers(ReLogoObserver.java:30)
	at antworld.ReLogoObserver$createAntWorkers.callCurrent(Unknown Source)
	at org.codehaus.groovy.runtime.callsite.CallSiteArray.defaultCallCurrent(CallSiteArray.java:51)
	at org.codehaus.groovy.runtime.callsite.AbstractCallSite.callCurrent(AbstractCallSite.java:157)
	at org.codehaus.groovy.runtime.callsite.AbstractCallSite.callCurrent(AbstractCallSite.java:177)
	at antworld.relogo.UserObserver.setup(UserObserver.groovy:22)
	... 10 more
FATAL [Thread-3] 2019-11-14 14:11:19,833 repast.simphony.ui.GUIScheduleRunner - RunTimeException when running the schedule
Current tick (0.0)
java.lang.RuntimeException: java.lang.reflect.InvocationTargetException
	at repast.simphony.engine.schedule.DynamicTargetAction.execute(DynamicTargetAction.java:72)
	at repast.simphony.engine.controller.ScheduledMethodControllerAction$ScheduleMethodAllAction.execute(ScheduledMethodControllerAction.java:333)
	at repast.simphony.engine.schedule.DefaultAction.execute(DefaultAction.java:38)
	at repast.simphony.engine.schedule.ScheduleGroup.executeList(ScheduleGroup.java:205)
	at repast.simphony.engine.schedule.ScheduleGroup.execute(ScheduleGroup.java:231)
	at repast.simphony.engine.schedule.Schedule.execute(Schedule.java:352)
	at repast.simphony.ui.GUIScheduleRunner$ScheduleLoopRunnable.run(GUIScheduleRunner.java:52)
	at java.base/java.lang.Thread.run(Thread.java:835)
Caused by: java.lang.reflect.InvocationTargetException
	at antworld.relogo.UserObserver$$FastClassByCGLIB$$9f19b90e.invoke(<generated>)
	at net.sf.cglib.reflect.FastMethod.invoke(FastMethod.java:53)
	at repast.simphony.engine.schedule.DynamicTargetAction.execute(DynamicTargetAction.java:69)
	... 7 more
Caused by: java.lang.NullPointerException
	at repast.simphony.relogo.Utility.getMinPxcorU(Utility.java:216)
	at repast.simphony.relogo.AbstractTurtle.getMinPxcor(AbstractTurtle.java:2011)
	at java.base/jdk.internal.reflect.NativeMethodAccessorImpl.invoke0(Native Method)
	at java.base/jdk.internal.reflect.NativeMethodAccessorImpl.invoke(NativeMethodAccessorImpl.java:62)
	at java.base/jdk.internal.reflect.DelegatingMethodAccessorImpl.invoke(DelegatingMethodAccessorImpl.java:43)
	at java.base/java.lang.reflect.Method.invoke(Method.java:567)
	at org.codehaus.groovy.reflection.CachedMethod.invoke(CachedMethod.java:98)
	at groovy.lang.MetaMethod.doMethodInvoke(MetaMethod.java:325)
	at org.codehaus.groovy.runtime.metaclass.MethodMetaProperty$GetBeanMethodMetaProperty.getProperty(MethodMetaProperty.java:76)
	at org.codehaus.groovy.runtime.callsite.GetEffectivePogoPropertySite.getProperty(GetEffectivePogoPropertySite.java:85)
	at org.codehaus.groovy.runtime.callsite.AbstractCallSite.callGroovyObjectGetProperty(AbstractCallSite.java:310)
	at antworld.relogo.AntWorker.<init>(AntWorker.groovy)
	at java.base/jdk.internal.reflect.NativeConstructorAccessorImpl.newInstance0(Native Method)
	at java.base/jdk.internal.reflect.NativeConstructorAccessorImpl.newInstance(NativeConstructorAccessorImpl.java:62)
	at java.base/jdk.internal.reflect.DelegatingConstructorAccessorImpl.newInstance(DelegatingConstructorAccessorImpl.java:45)
	at java.base/java.lang.reflect.Constructor.newInstanceWithCaller(Constructor.java:500)
	at java.base/java.lang.reflect.ReflectAccess.newInstance(ReflectAccess.java:166)
	at java.base/jdk.internal.reflect.ReflectionFactory.newInstance(ReflectionFactory.java:404)
	at java.base/java.lang.Class.newInstance(Class.java:590)
	at repast.simphony.relogo.factories.TurtleFactory.createTurtle(TurtleFactory.java:156)
	at repast.simphony.relogo.factories.TurtleFactory.createTurtle(TurtleFactory.java:121)
	at repast.simphony.relogo.AbstractObserver.crt(AbstractObserver.java:425)
	at antworld.ReLogoObserver.createAntWorkers(ReLogoObserver.java:30)
	at antworld.ReLogoObserver$createAntWorkers.callCurrent(Unknown Source)
	at org.codehaus.groovy.runtime.callsite.CallSiteArray.defaultCallCurrent(CallSiteArray.java:51)
	at org.codehaus.groovy.runtime.callsite.AbstractCallSite.callCurrent(AbstractCallSite.java:157)
	at org.codehaus.groovy.runtime.callsite.AbstractCallSite.callCurrent(AbstractCallSite.java:177)
	at antworld.relogo.UserObserver.setup(UserObserver.groovy:22)
	... 10 more
FATAL [Thread-3] 2019-11-14 14:12:57,008 repast.simphony.ui.GUIScheduleRunner - RunTimeException when running the schedule
Current tick (0.0)
java.lang.RuntimeException: java.lang.reflect.InvocationTargetException
	at repast.simphony.engine.schedule.DynamicTargetAction.execute(DynamicTargetAction.java:72)
	at repast.simphony.engine.controller.ScheduledMethodControllerAction$ScheduleMethodAllAction.execute(ScheduledMethodControllerAction.java:333)
	at repast.simphony.engine.schedule.DefaultAction.execute(DefaultAction.java:38)
	at repast.simphony.engine.schedule.ScheduleGroup.executeList(ScheduleGroup.java:205)
	at repast.simphony.engine.schedule.ScheduleGroup.execute(ScheduleGroup.java:231)
	at repast.simphony.engine.schedule.Schedule.execute(Schedule.java:352)
	at repast.simphony.ui.GUIScheduleRunner$ScheduleLoopRunnable.run(GUIScheduleRunner.java:52)
	at java.base/java.lang.Thread.run(Thread.java:835)
Caused by: java.lang.reflect.InvocationTargetException
	at antworld.relogo.UserObserver$$FastClassByCGLIB$$9f19b90e.invoke(<generated>)
	at net.sf.cglib.reflect.FastMethod.invoke(FastMethod.java:53)
	at repast.simphony.engine.schedule.DynamicTargetAction.execute(DynamicTargetAction.java:69)
	... 7 more
Caused by: java.lang.NullPointerException
	at repast.simphony.relogo.Utility.getMinPxcorU(Utility.java:216)
	at repast.simphony.relogo.AbstractTurtle.getMinPxcor(AbstractTurtle.java:2011)
	at java.base/jdk.internal.reflect.NativeMethodAccessorImpl.invoke0(Native Method)
	at java.base/jdk.internal.reflect.NativeMethodAccessorImpl.invoke(NativeMethodAccessorImpl.java:62)
	at java.base/jdk.internal.reflect.DelegatingMethodAccessorImpl.invoke(DelegatingMethodAccessorImpl.java:43)
	at java.base/java.lang.reflect.Method.invoke(Method.java:567)
	at org.codehaus.groovy.reflection.CachedMethod.invoke(CachedMethod.java:98)
	at groovy.lang.MetaMethod.doMethodInvoke(MetaMethod.java:325)
	at org.codehaus.groovy.runtime.metaclass.MethodMetaProperty$GetBeanMethodMetaProperty.getProperty(MethodMetaProperty.java:76)
	at org.codehaus.groovy.runtime.callsite.GetEffectivePogoPropertySite.getProperty(GetEffectivePogoPropertySite.java:85)
	at org.codehaus.groovy.runtime.callsite.AbstractCallSite.callGroovyObjectGetProperty(AbstractCallSite.java:310)
	at antworld.relogo.AntWorker.<init>(AntWorker.groovy)
	at java.base/jdk.internal.reflect.NativeConstructorAccessorImpl.newInstance0(Native Method)
	at java.base/jdk.internal.reflect.NativeConstructorAccessorImpl.newInstance(NativeConstructorAccessorImpl.java:62)
	at java.base/jdk.internal.reflect.DelegatingConstructorAccessorImpl.newInstance(DelegatingConstructorAccessorImpl.java:45)
	at java.base/java.lang.reflect.Constructor.newInstanceWithCaller(Constructor.java:500)
	at java.base/java.lang.reflect.ReflectAccess.newInstance(ReflectAccess.java:166)
	at java.base/jdk.internal.reflect.ReflectionFactory.newInstance(ReflectionFactory.java:404)
	at java.base/java.lang.Class.newInstance(Class.java:590)
	at repast.simphony.relogo.factories.TurtleFactory.createTurtle(TurtleFactory.java:156)
	at repast.simphony.relogo.factories.TurtleFactory.createTurtle(TurtleFactory.java:121)
	at repast.simphony.relogo.AbstractObserver.crt(AbstractObserver.java:425)
	at antworld.ReLogoObserver.createAntWorkers(ReLogoObserver.java:30)
	at antworld.ReLogoObserver$createAntWorkers.callCurrent(Unknown Source)
	at org.codehaus.groovy.runtime.callsite.CallSiteArray.defaultCallCurrent(CallSiteArray.java:51)
	at org.codehaus.groovy.runtime.callsite.AbstractCallSite.callCurrent(AbstractCallSite.java:157)
	at org.codehaus.groovy.runtime.callsite.AbstractCallSite.callCurrent(AbstractCallSite.java:177)
	at antworld.relogo.UserObserver.setup(UserObserver.groovy:22)
	... 10 more
FATAL [Thread-3] 2019-11-14 14:13:57,047 repast.simphony.ui.GUIScheduleRunner - RunTimeException when running the schedule
Current tick (0.0)
java.lang.RuntimeException: java.lang.reflect.InvocationTargetException
	at repast.simphony.engine.schedule.DynamicTargetAction.execute(DynamicTargetAction.java:72)
	at repast.simphony.engine.controller.ScheduledMethodControllerAction$ScheduleMethodAllAction.execute(ScheduledMethodControllerAction.java:333)
	at repast.simphony.engine.schedule.DefaultAction.execute(DefaultAction.java:38)
	at repast.simphony.engine.schedule.ScheduleGroup.executeList(ScheduleGroup.java:205)
	at repast.simphony.engine.schedule.ScheduleGroup.execute(ScheduleGroup.java:231)
	at repast.simphony.engine.schedule.Schedule.execute(Schedule.java:352)
	at repast.simphony.ui.GUIScheduleRunner$ScheduleLoopRunnable.run(GUIScheduleRunner.java:52)
	at java.base/java.lang.Thread.run(Thread.java:835)
Caused by: java.lang.reflect.InvocationTargetException
	at antworld.relogo.UserObserver$$FastClassByCGLIB$$9f19b90e.invoke(<generated>)
	at net.sf.cglib.reflect.FastMethod.invoke(FastMethod.java:53)
	at repast.simphony.engine.schedule.DynamicTargetAction.execute(DynamicTargetAction.java:69)
	... 7 more
Caused by: java.lang.NullPointerException
	at repast.simphony.relogo.Utility.getMinPxcorU(Utility.java:216)
	at repast.simphony.relogo.AbstractTurtle.getMinPxcor(AbstractTurtle.java:2011)
	at java.base/jdk.internal.reflect.NativeMethodAccessorImpl.invoke0(Native Method)
	at java.base/jdk.internal.reflect.NativeMethodAccessorImpl.invoke(NativeMethodAccessorImpl.java:62)
	at java.base/jdk.internal.reflect.DelegatingMethodAccessorImpl.invoke(DelegatingMethodAccessorImpl.java:43)
	at java.base/java.lang.reflect.Method.invoke(Method.java:567)
	at org.codehaus.groovy.reflection.CachedMethod.invoke(CachedMethod.java:98)
	at groovy.lang.MetaMethod.doMethodInvoke(MetaMethod.java:325)
	at org.codehaus.groovy.runtime.metaclass.MethodMetaProperty$GetBeanMethodMetaProperty.getProperty(MethodMetaProperty.java:76)
	at org.codehaus.groovy.runtime.callsite.GetEffectivePogoPropertySite.getProperty(GetEffectivePogoPropertySite.java:85)
	at org.codehaus.groovy.runtime.callsite.AbstractCallSite.callGroovyObjectGetProperty(AbstractCallSite.java:310)
	at antworld.relogo.AntWorker.<init>(AntWorker.groovy)
	at java.base/jdk.internal.reflect.NativeConstructorAccessorImpl.newInstance0(Native Method)
	at java.base/jdk.internal.reflect.NativeConstructorAccessorImpl.newInstance(NativeConstructorAccessorImpl.java:62)
	at java.base/jdk.internal.reflect.DelegatingConstructorAccessorImpl.newInstance(DelegatingConstructorAccessorImpl.java:45)
	at java.base/java.lang.reflect.Constructor.newInstanceWithCaller(Constructor.java:500)
	at java.base/java.lang.reflect.ReflectAccess.newInstance(ReflectAccess.java:166)
	at java.base/jdk.internal.reflect.ReflectionFactory.newInstance(ReflectionFactory.java:404)
	at java.base/java.lang.Class.newInstance(Class.java:590)
	at repast.simphony.relogo.factories.TurtleFactory.createTurtle(TurtleFactory.java:156)
	at repast.simphony.relogo.factories.TurtleFactory.createTurtle(TurtleFactory.java:121)
	at repast.simphony.relogo.AbstractObserver.crt(AbstractObserver.java:425)
	at antworld.ReLogoObserver.createAntWorkers(ReLogoObserver.java:30)
	at antworld.ReLogoObserver$createAntWorkers.callCurrent(Unknown Source)
	at org.codehaus.groovy.runtime.callsite.CallSiteArray.defaultCallCurrent(CallSiteArray.java:51)
	at org.codehaus.groovy.runtime.callsite.AbstractCallSite.callCurrent(AbstractCallSite.java:157)
	at org.codehaus.groovy.runtime.callsite.AbstractCallSite.callCurrent(AbstractCallSite.java:177)
	at antworld.relogo.UserObserver.setup(UserObserver.groovy:22)
	... 10 more
FATAL [Thread-3] 2019-11-14 14:14:28,532 repast.simphony.ui.GUIScheduleRunner - RunTimeException when running the schedule
Current tick (0.0)
java.lang.RuntimeException: java.lang.reflect.InvocationTargetException
	at repast.simphony.engine.schedule.DynamicTargetAction.execute(DynamicTargetAction.java:72)
	at repast.simphony.engine.controller.ScheduledMethodControllerAction$ScheduleMethodAllAction.execute(ScheduledMethodControllerAction.java:333)
	at repast.simphony.engine.schedule.DefaultAction.execute(DefaultAction.java:38)
	at repast.simphony.engine.schedule.ScheduleGroup.executeList(ScheduleGroup.java:205)
	at repast.simphony.engine.schedule.ScheduleGroup.execute(ScheduleGroup.java:231)
	at repast.simphony.engine.schedule.Schedule.execute(Schedule.java:352)
	at repast.simphony.ui.GUIScheduleRunner$ScheduleLoopRunnable.run(GUIScheduleRunner.java:52)
	at java.base/java.lang.Thread.run(Thread.java:835)
Caused by: java.lang.reflect.InvocationTargetException
	at antworld.relogo.UserObserver$$FastClassByCGLIB$$9f19b90e.invoke(<generated>)
	at net.sf.cglib.reflect.FastMethod.invoke(FastMethod.java:53)
	at repast.simphony.engine.schedule.DynamicTargetAction.execute(DynamicTargetAction.java:69)
	... 7 more
Caused by: java.lang.NullPointerException
	at repast.simphony.relogo.Utility.getMinPxcorU(Utility.java:216)
	at repast.simphony.relogo.AbstractTurtle.getMinPxcor(AbstractTurtle.java:2011)
	at java.base/jdk.internal.reflect.NativeMethodAccessorImpl.invoke0(Native Method)
	at java.base/jdk.internal.reflect.NativeMethodAccessorImpl.invoke(NativeMethodAccessorImpl.java:62)
	at java.base/jdk.internal.reflect.DelegatingMethodAccessorImpl.invoke(DelegatingMethodAccessorImpl.java:43)
	at java.base/java.lang.reflect.Method.invoke(Method.java:567)
	at org.codehaus.groovy.reflection.CachedMethod.invoke(CachedMethod.java:98)
	at groovy.lang.MetaMethod.doMethodInvoke(MetaMethod.java:325)
	at org.codehaus.groovy.runtime.metaclass.MethodMetaProperty$GetBeanMethodMetaProperty.getProperty(MethodMetaProperty.java:76)
	at org.codehaus.groovy.runtime.callsite.GetEffectivePogoPropertySite.getProperty(GetEffectivePogoPropertySite.java:85)
	at org.codehaus.groovy.runtime.callsite.AbstractCallSite.callGroovyObjectGetProperty(AbstractCallSite.java:310)
	at antworld.relogo.AntWorker.<init>(AntWorker.groovy)
	at java.base/jdk.internal.reflect.NativeConstructorAccessorImpl.newInstance0(Native Method)
	at java.base/jdk.internal.reflect.NativeConstructorAccessorImpl.newInstance(NativeConstructorAccessorImpl.java:62)
	at java.base/jdk.internal.reflect.DelegatingConstructorAccessorImpl.newInstance(DelegatingConstructorAccessorImpl.java:45)
	at java.base/java.lang.reflect.Constructor.newInstanceWithCaller(Constructor.java:500)
	at java.base/java.lang.reflect.ReflectAccess.newInstance(ReflectAccess.java:166)
	at java.base/jdk.internal.reflect.ReflectionFactory.newInstance(ReflectionFactory.java:404)
	at java.base/java.lang.Class.newInstance(Class.java:590)
	at repast.simphony.relogo.factories.TurtleFactory.createTurtle(TurtleFactory.java:156)
	at repast.simphony.relogo.factories.TurtleFactory.createTurtle(TurtleFactory.java:121)
	at repast.simphony.relogo.AbstractObserver.crt(AbstractObserver.java:425)
	at antworld.ReLogoObserver.createAntWorkers(ReLogoObserver.java:30)
	at antworld.ReLogoObserver$createAntWorkers.callCurrent(Unknown Source)
	at org.codehaus.groovy.runtime.callsite.CallSiteArray.defaultCallCurrent(CallSiteArray.java:51)
	at org.codehaus.groovy.runtime.callsite.AbstractCallSite.callCurrent(AbstractCallSite.java:157)
	at org.codehaus.groovy.runtime.callsite.AbstractCallSite.callCurrent(AbstractCallSite.java:177)
	at antworld.relogo.UserObserver.setup(UserObserver.groovy:22)
	... 10 more
FATAL [Thread-3] 2019-11-14 14:16:48,145 repast.simphony.ui.GUIScheduleRunner - RunTimeException when running the schedule
Current tick (0.0)
java.lang.RuntimeException: java.lang.reflect.InvocationTargetException
	at repast.simphony.engine.schedule.DynamicTargetAction.execute(DynamicTargetAction.java:72)
	at repast.simphony.engine.controller.ScheduledMethodControllerAction$ScheduleMethodAllAction.execute(ScheduledMethodControllerAction.java:333)
	at repast.simphony.engine.schedule.DefaultAction.execute(DefaultAction.java:38)
	at repast.simphony.engine.schedule.ScheduleGroup.executeList(ScheduleGroup.java:205)
	at repast.simphony.engine.schedule.ScheduleGroup.execute(ScheduleGroup.java:231)
	at repast.simphony.engine.schedule.Schedule.execute(Schedule.java:352)
	at repast.simphony.ui.GUIScheduleRunner$ScheduleLoopRunnable.run(GUIScheduleRunner.java:52)
	at java.base/java.lang.Thread.run(Thread.java:835)
Caused by: java.lang.reflect.InvocationTargetException
	at antworld.relogo.UserObserver$$FastClassByCGLIB$$9f19b90e.invoke(<generated>)
	at net.sf.cglib.reflect.FastMethod.invoke(FastMethod.java:53)
	at repast.simphony.engine.schedule.DynamicTargetAction.execute(DynamicTargetAction.java:69)
	... 7 more
Caused by: java.lang.NullPointerException
	at repast.simphony.relogo.Utility.getMinPxcorU(Utility.java:216)
	at repast.simphony.relogo.AbstractTurtle.getMinPxcor(AbstractTurtle.java:2011)
	at java.base/jdk.internal.reflect.NativeMethodAccessorImpl.invoke0(Native Method)
	at java.base/jdk.internal.reflect.NativeMethodAccessorImpl.invoke(NativeMethodAccessorImpl.java:62)
	at java.base/jdk.internal.reflect.DelegatingMethodAccessorImpl.invoke(DelegatingMethodAccessorImpl.java:43)
	at java.base/java.lang.reflect.Method.invoke(Method.java:567)
	at org.codehaus.groovy.reflection.CachedMethod.invoke(CachedMethod.java:98)
	at groovy.lang.MetaMethod.doMethodInvoke(MetaMethod.java:325)
	at org.codehaus.groovy.runtime.metaclass.MethodMetaProperty$GetBeanMethodMetaProperty.getProperty(MethodMetaProperty.java:76)
	at org.codehaus.groovy.runtime.callsite.GetEffectivePogoPropertySite.getProperty(GetEffectivePogoPropertySite.java:85)
	at org.codehaus.groovy.runtime.callsite.AbstractCallSite.callGroovyObjectGetProperty(AbstractCallSite.java:310)
	at antworld.relogo.AntWorker.<init>(AntWorker.groovy)
	at java.base/jdk.internal.reflect.NativeConstructorAccessorImpl.newInstance0(Native Method)
	at java.base/jdk.internal.reflect.NativeConstructorAccessorImpl.newInstance(NativeConstructorAccessorImpl.java:62)
	at java.base/jdk.internal.reflect.DelegatingConstructorAccessorImpl.newInstance(DelegatingConstructorAccessorImpl.java:45)
	at java.base/java.lang.reflect.Constructor.newInstanceWithCaller(Constructor.java:500)
	at java.base/java.lang.reflect.ReflectAccess.newInstance(ReflectAccess.java:166)
	at java.base/jdk.internal.reflect.ReflectionFactory.newInstance(ReflectionFactory.java:404)
	at java.base/java.lang.Class.newInstance(Class.java:590)
	at repast.simphony.relogo.factories.TurtleFactory.createTurtle(TurtleFactory.java:156)
	at repast.simphony.relogo.factories.TurtleFactory.createTurtle(TurtleFactory.java:121)
	at repast.simphony.relogo.AbstractObserver.crt(AbstractObserver.java:425)
	at antworld.ReLogoObserver.createAntWorkers(ReLogoObserver.java:30)
	at antworld.ReLogoObserver$createAntWorkers.callCurrent(Unknown Source)
	at org.codehaus.groovy.runtime.callsite.CallSiteArray.defaultCallCurrent(CallSiteArray.java:51)
	at org.codehaus.groovy.runtime.callsite.AbstractCallSite.callCurrent(AbstractCallSite.java:157)
	at org.codehaus.groovy.runtime.callsite.AbstractCallSite.callCurrent(AbstractCallSite.java:177)
	at antworld.relogo.UserObserver.setup(UserObserver.groovy:22)
	... 10 more
FATAL [Thread-3] 2019-11-14 14:18:18,246 repast.simphony.ui.GUIScheduleRunner - RunTimeException when running the schedule
Current tick (0.0)
java.lang.RuntimeException: java.lang.reflect.InvocationTargetException
	at repast.simphony.engine.schedule.DynamicTargetAction.execute(DynamicTargetAction.java:72)
	at repast.simphony.engine.controller.ScheduledMethodControllerAction$ScheduleMethodAllAction.execute(ScheduledMethodControllerAction.java:333)
	at repast.simphony.engine.schedule.DefaultAction.execute(DefaultAction.java:38)
	at repast.simphony.engine.schedule.ScheduleGroup.executeList(ScheduleGroup.java:205)
	at repast.simphony.engine.schedule.ScheduleGroup.execute(ScheduleGroup.java:231)
	at repast.simphony.engine.schedule.Schedule.execute(Schedule.java:352)
	at repast.simphony.ui.GUIScheduleRunner$ScheduleLoopRunnable.run(GUIScheduleRunner.java:52)
	at java.base/java.lang.Thread.run(Thread.java:835)
Caused by: java.lang.reflect.InvocationTargetException
	at antworld.relogo.UserObserver$$FastClassByCGLIB$$9f19b90e.invoke(<generated>)
	at net.sf.cglib.reflect.FastMethod.invoke(FastMethod.java:53)
	at repast.simphony.engine.schedule.DynamicTargetAction.execute(DynamicTargetAction.java:69)
	... 7 more
Caused by: java.lang.NullPointerException
	at repast.simphony.relogo.Utility.getMinPxcorU(Utility.java:216)
	at repast.simphony.relogo.AbstractTurtle.getMinPxcor(AbstractTurtle.java:2011)
	at java.base/jdk.internal.reflect.NativeMethodAccessorImpl.invoke0(Native Method)
	at java.base/jdk.internal.reflect.NativeMethodAccessorImpl.invoke(NativeMethodAccessorImpl.java:62)
	at java.base/jdk.internal.reflect.DelegatingMethodAccessorImpl.invoke(DelegatingMethodAccessorImpl.java:43)
	at java.base/java.lang.reflect.Method.invoke(Method.java:567)
	at org.codehaus.groovy.reflection.CachedMethod.invoke(CachedMethod.java:98)
	at groovy.lang.MetaMethod.doMethodInvoke(MetaMethod.java:325)
	at org.codehaus.groovy.runtime.metaclass.MethodMetaProperty$GetBeanMethodMetaProperty.getProperty(MethodMetaProperty.java:76)
	at org.codehaus.groovy.runtime.callsite.GetEffectivePogoPropertySite.getProperty(GetEffectivePogoPropertySite.java:85)
	at org.codehaus.groovy.runtime.callsite.AbstractCallSite.callGroovyObjectGetProperty(AbstractCallSite.java:310)
	at antworld.relogo.AntWorker.<init>(AntWorker.groovy)
	at java.base/jdk.internal.reflect.NativeConstructorAccessorImpl.newInstance0(Native Method)
	at java.base/jdk.internal.reflect.NativeConstructorAccessorImpl.newInstance(NativeConstructorAccessorImpl.java:62)
	at java.base/jdk.internal.reflect.DelegatingConstructorAccessorImpl.newInstance(DelegatingConstructorAccessorImpl.java:45)
	at java.base/java.lang.reflect.Constructor.newInstanceWithCaller(Constructor.java:500)
	at java.base/java.lang.reflect.ReflectAccess.newInstance(ReflectAccess.java:166)
	at java.base/jdk.internal.reflect.ReflectionFactory.newInstance(ReflectionFactory.java:404)
	at java.base/java.lang.Class.newInstance(Class.java:590)
	at repast.simphony.relogo.factories.TurtleFactory.createTurtle(TurtleFactory.java:156)
	at repast.simphony.relogo.factories.TurtleFactory.createTurtle(TurtleFactory.java:121)
	at repast.simphony.relogo.AbstractObserver.crt(AbstractObserver.java:425)
	at antworld.ReLogoObserver.createAntWorkers(ReLogoObserver.java:30)
	at antworld.ReLogoObserver$createAntWorkers.callCurrent(Unknown Source)
	at org.codehaus.groovy.runtime.callsite.CallSiteArray.defaultCallCurrent(CallSiteArray.java:51)
	at org.codehaus.groovy.runtime.callsite.AbstractCallSite.callCurrent(AbstractCallSite.java:157)
	at org.codehaus.groovy.runtime.callsite.AbstractCallSite.callCurrent(AbstractCallSite.java:177)
	at antworld.relogo.UserObserver.setup(UserObserver.groovy:22)
	... 10 more
FATAL [Thread-3] 2019-11-18 12:21:48,824 repast.simphony.ui.GUIScheduleRunner - RunTimeException when running the schedule
Current tick (0.0)
java.lang.RuntimeException: java.lang.reflect.InvocationTargetException
	at repast.simphony.engine.schedule.DynamicTargetAction.execute(DynamicTargetAction.java:72)
	at repast.simphony.engine.controller.ScheduledMethodControllerAction$ScheduleMethodAllAction.execute(ScheduledMethodControllerAction.java:333)
	at repast.simphony.engine.schedule.DefaultAction.execute(DefaultAction.java:38)
	at repast.simphony.engine.schedule.ScheduleGroup.executeList(ScheduleGroup.java:205)
	at repast.simphony.engine.schedule.ScheduleGroup.execute(ScheduleGroup.java:231)
	at repast.simphony.engine.schedule.Schedule.execute(Schedule.java:352)
	at repast.simphony.ui.GUIScheduleRunner$ScheduleLoopRunnable.run(GUIScheduleRunner.java:52)
	at java.base/java.lang.Thread.run(Thread.java:835)
Caused by: java.lang.reflect.InvocationTargetException
	at antworld.relogo.UserObserver$$FastClassByCGLIB$$9f19b90e.invoke(<generated>)
	at net.sf.cglib.reflect.FastMethod.invoke(FastMethod.java:53)
	at repast.simphony.engine.schedule.DynamicTargetAction.execute(DynamicTargetAction.java:69)
	... 7 more
Caused by: groovy.lang.MissingMethodException: No signature of method: antworld.relogo.UserObserver.createAntWorkers() is applicable for argument types: (java.lang.Integer, null, java.lang.String, antworld.relogo.UserObserver$_setup_closure1) values: [50, null, A, antworld.relogo.UserObserver$_setup_closure1@2917ba0d]
Possible solutions: createAntWorkers(int), createAntWorkers(int, groovy.lang.Closure)
	at org.codehaus.groovy.runtime.ScriptBytecodeAdapter.unwrap(ScriptBytecodeAdapter.java:71)
	at org.codehaus.groovy.runtime.callsite.PogoMetaClassSite.callCurrent(PogoMetaClassSite.java:80)
	at org.codehaus.groovy.runtime.callsite.CallSiteArray.defaultCallCurrent(CallSiteArray.java:51)
	at org.codehaus.groovy.runtime.callsite.AbstractCallSite.callCurrent(AbstractCallSite.java:157)
	at org.codehaus.groovy.runtime.callsite.AbstractCallSite.callCurrent(AbstractCallSite.java:193)
	at antworld.relogo.UserObserver.setup(UserObserver.groovy:22)
	... 10 more
FATAL [Thread-3] 2019-11-18 12:23:45,003 repast.simphony.ui.GUIScheduleRunner - RunTimeException when running the schedule
Current tick (0.0)
java.lang.RuntimeException: java.lang.reflect.InvocationTargetException
	at repast.simphony.engine.schedule.DynamicTargetAction.execute(DynamicTargetAction.java:72)
	at repast.simphony.engine.controller.ScheduledMethodControllerAction$ScheduleMethodAllAction.execute(ScheduledMethodControllerAction.java:333)
	at repast.simphony.engine.schedule.DefaultAction.execute(DefaultAction.java:38)
	at repast.simphony.engine.schedule.ScheduleGroup.executeList(ScheduleGroup.java:205)
	at repast.simphony.engine.schedule.ScheduleGroup.execute(ScheduleGroup.java:231)
	at repast.simphony.engine.schedule.Schedule.execute(Schedule.java:352)
	at repast.simphony.ui.GUIScheduleRunner$ScheduleLoopRunnable.run(GUIScheduleRunner.java:52)
	at java.base/java.lang.Thread.run(Thread.java:835)
Caused by: java.lang.reflect.InvocationTargetException
	at antworld.relogo.UserObserver$$FastClassByCGLIB$$9f19b90e.invoke(<generated>)
	at net.sf.cglib.reflect.FastMethod.invoke(FastMethod.java:53)
	at repast.simphony.engine.schedule.DynamicTargetAction.execute(DynamicTargetAction.java:69)
	... 7 more
Caused by: groovy.lang.MissingMethodException: No signature of method: antworld.relogo.UserObserver.createAntWorkers() is applicable for argument types: (java.lang.Integer, java.lang.String, antworld.relogo.UserObserver$_setup_closure1) values: [50, A, antworld.relogo.UserObserver$_setup_closure1@2a7b0eb4]
Possible solutions: createAntWorkers(int), createAntWorkers(int, groovy.lang.Closure)
	at org.codehaus.groovy.runtime.ScriptBytecodeAdapter.unwrap(ScriptBytecodeAdapter.java:71)
	at org.codehaus.groovy.runtime.callsite.PogoMetaClassSite.callCurrent(PogoMetaClassSite.java:80)
	at org.codehaus.groovy.runtime.callsite.CallSiteArray.defaultCallCurrent(CallSiteArray.java:51)
	at org.codehaus.groovy.runtime.callsite.AbstractCallSite.callCurrent(AbstractCallSite.java:157)
	at org.codehaus.groovy.runtime.callsite.AbstractCallSite.callCurrent(AbstractCallSite.java:185)
	at antworld.relogo.UserObserver.setup(UserObserver.groovy:22)
	... 10 more
FATAL [Thread-3] 2019-11-18 12:25:36,734 repast.simphony.ui.GUIScheduleRunner - RunTimeException when running the schedule
Current tick (0.0)
java.lang.RuntimeException: java.lang.reflect.InvocationTargetException
	at repast.simphony.engine.schedule.DynamicTargetAction.execute(DynamicTargetAction.java:72)
	at repast.simphony.engine.controller.ScheduledMethodControllerAction$ScheduleMethodAllAction.execute(ScheduledMethodControllerAction.java:333)
	at repast.simphony.engine.schedule.DefaultAction.execute(DefaultAction.java:38)
	at repast.simphony.engine.schedule.ScheduleGroup.executeList(ScheduleGroup.java:205)
	at repast.simphony.engine.schedule.ScheduleGroup.execute(ScheduleGroup.java:231)
	at repast.simphony.engine.schedule.Schedule.execute(Schedule.java:352)
	at repast.simphony.ui.GUIScheduleRunner$ScheduleLoopRunnable.run(GUIScheduleRunner.java:52)
	at java.base/java.lang.Thread.run(Thread.java:835)
Caused by: java.lang.reflect.InvocationTargetException
	at antworld.relogo.UserObserver$$FastClassByCGLIB$$9f19b90e.invoke(<generated>)
	at net.sf.cglib.reflect.FastMethod.invoke(FastMethod.java:53)
	at repast.simphony.engine.schedule.DynamicTargetAction.execute(DynamicTargetAction.java:69)
	... 7 more
Caused by: groovy.lang.MissingMethodException: No signature of method: antworld.relogo.UserObserver.createAntWorkers() is applicable for argument types: (java.lang.Integer, java.lang.Class, java.lang.String, antworld.relogo.UserObserver$_setup_closure1) values: [50, class groovy.lang.Closure, A, antworld.relogo.UserObserver$_setup_closure1@119fcc46]
Possible solutions: createAntWorkers(int), createAntWorkers(int, groovy.lang.Closure)
	at org.codehaus.groovy.runtime.ScriptBytecodeAdapter.unwrap(ScriptBytecodeAdapter.java:71)
	at org.codehaus.groovy.runtime.callsite.PogoMetaClassSite.callCurrent(PogoMetaClassSite.java:80)
	at org.codehaus.groovy.runtime.callsite.CallSiteArray.defaultCallCurrent(CallSiteArray.java:51)
	at org.codehaus.groovy.runtime.callsite.AbstractCallSite.callCurrent(AbstractCallSite.java:157)
	at org.codehaus.groovy.runtime.callsite.AbstractCallSite.callCurrent(AbstractCallSite.java:193)
	at antworld.relogo.UserObserver.setup(UserObserver.groovy:22)
	... 10 more
FATAL [Thread-4] 2019-11-18 12:28:04,121 repast.simphony.ui.GUIScheduleRunner - RunTimeException when running the schedule
Current tick (0.0)
java.lang.RuntimeException: java.lang.reflect.InvocationTargetException
	at repast.simphony.engine.schedule.DynamicTargetAction.execute(DynamicTargetAction.java:72)
	at repast.simphony.engine.controller.ScheduledMethodControllerAction$ScheduleMethodAllAction.execute(ScheduledMethodControllerAction.java:333)
	at repast.simphony.engine.schedule.DefaultAction.execute(DefaultAction.java:38)
	at repast.simphony.engine.schedule.ScheduleGroup.executeList(ScheduleGroup.java:205)
	at repast.simphony.engine.schedule.ScheduleGroup.execute(ScheduleGroup.java:231)
	at repast.simphony.engine.schedule.Schedule.execute(Schedule.java:352)
	at repast.simphony.ui.GUIScheduleRunner$ScheduleLoopRunnable.run(GUIScheduleRunner.java:52)
	at java.base/java.lang.Thread.run(Thread.java:835)
Caused by: java.lang.reflect.InvocationTargetException
	at antworld.relogo.UserObserver$$FastClassByCGLIB$$9f19b90e.invoke(<generated>)
	at net.sf.cglib.reflect.FastMethod.invoke(FastMethod.java:53)
	at repast.simphony.engine.schedule.DynamicTargetAction.execute(DynamicTargetAction.java:69)
	... 7 more
Caused by: groovy.lang.MissingMethodException: No signature of method: antworld.relogo.UserObserver.createAntWorkers() is applicable for argument types: (java.lang.Integer, java.lang.Class, java.lang.String, antworld.relogo.UserObserver$_setup_closure1) values: [50, class groovy.lang.Closure, A, antworld.relogo.UserObserver$_setup_closure1@1b96c846]
Possible solutions: createAntWorkers(int), createAntWorkers(int, groovy.lang.Closure)
	at org.codehaus.groovy.runtime.ScriptBytecodeAdapter.unwrap(ScriptBytecodeAdapter.java:71)
	at org.codehaus.groovy.runtime.callsite.PogoMetaClassSite.callCurrent(PogoMetaClassSite.java:80)
	at org.codehaus.groovy.runtime.callsite.AbstractCallSite.callCurrent(AbstractCallSite.java:193)
	at antworld.relogo.UserObserver.setup(UserObserver.groovy:22)
	... 10 more
FATAL [Thread-3] 2019-11-18 12:32:14,999 repast.simphony.ui.GUIScheduleRunner - RunTimeException when running the schedule
Current tick (0.0)
java.lang.RuntimeException: java.lang.reflect.InvocationTargetException
	at repast.simphony.engine.schedule.DynamicTargetAction.execute(DynamicTargetAction.java:72)
	at repast.simphony.engine.controller.ScheduledMethodControllerAction$ScheduleMethodAllAction.execute(ScheduledMethodControllerAction.java:333)
	at repast.simphony.engine.schedule.DefaultAction.execute(DefaultAction.java:38)
	at repast.simphony.engine.schedule.ScheduleGroup.executeList(ScheduleGroup.java:205)
	at repast.simphony.engine.schedule.ScheduleGroup.execute(ScheduleGroup.java:231)
	at repast.simphony.engine.schedule.Schedule.execute(Schedule.java:352)
	at repast.simphony.ui.GUIScheduleRunner$ScheduleLoopRunnable.run(GUIScheduleRunner.java:52)
	at java.base/java.lang.Thread.run(Thread.java:835)
Caused by: java.lang.reflect.InvocationTargetException
	at antworld.relogo.UserObserver$$FastClassByCGLIB$$9f19b90e.invoke(<generated>)
	at net.sf.cglib.reflect.FastMethod.invoke(FastMethod.java:53)
	at repast.simphony.engine.schedule.DynamicTargetAction.execute(DynamicTargetAction.java:69)
	... 7 more
Caused by: java.lang.NullPointerException
	at repast.simphony.relogo.factories.TurtleFactory.createTurtle(TurtleFactory.java:163)
	at repast.simphony.relogo.factories.TurtleFactory.createTurtle(TurtleFactory.java:121)
	at repast.simphony.relogo.AbstractObserver.crt(AbstractObserver.java:425)
	at antworld.ReLogoObserver.createAntWorkers(ReLogoObserver.java:30)
	at antworld.ReLogoObserver$createAntWorkers.callCurrent(Unknown Source)
	at org.codehaus.groovy.runtime.callsite.CallSiteArray.defaultCallCurrent(CallSiteArray.java:51)
	at org.codehaus.groovy.runtime.callsite.AbstractCallSite.callCurrent(AbstractCallSite.java:157)
	at org.codehaus.groovy.runtime.callsite.AbstractCallSite.callCurrent(AbstractCallSite.java:177)
	at antworld.relogo.UserObserver.setup(UserObserver.groovy:22)
	... 10 more
FATAL [Thread-3] 2019-11-18 12:37:10,602 repast.simphony.ui.GUIScheduleRunner - RunTimeException when running the schedule
Current tick (1.0)
java.lang.RuntimeException: java.lang.reflect.InvocationTargetException
	at repast.simphony.engine.schedule.DynamicTargetAction.execute(DynamicTargetAction.java:72)
	at repast.simphony.engine.controller.ScheduledMethodControllerAction$ScheduleMethodAllAction.execute(ScheduledMethodControllerAction.java:333)
	at repast.simphony.engine.schedule.DefaultAction.execute(DefaultAction.java:38)
	at repast.simphony.engine.schedule.ScheduleGroup.executeList(ScheduleGroup.java:205)
	at repast.simphony.engine.schedule.ScheduleGroup.execute(ScheduleGroup.java:231)
	at repast.simphony.engine.schedule.Schedule.execute(Schedule.java:352)
	at repast.simphony.ui.GUIScheduleRunner$ScheduleLoopRunnable.run(GUIScheduleRunner.java:52)
	at java.base/java.lang.Thread.run(Thread.java:835)
Caused by: java.lang.reflect.InvocationTargetException
	at antworld.relogo.UserObserver$$FastClassByCGLIB$$9f19b90e.invoke(<generated>)
	at net.sf.cglib.reflect.FastMethod.invoke(FastMethod.java:53)
	at repast.simphony.engine.schedule.DynamicTargetAction.execute(DynamicTargetAction.java:69)
	... 7 more
Caused by: groovy.lang.MissingMethodException: No signature of method: antworld.relogo.UserObserver.antWorkers() is applicable for argument types: () values: []
Possible solutions: antAWorkers(), antAWorker(java.lang.Number), antAWorkersOn(java.util.Collection), antAWorkersOn(repast.simphony.relogo.Patch), antAWorkersOn(repast.simphony.relogo.Turtle), isAntAWorkerQ(java.lang.Object)
	at org.codehaus.groovy.runtime.ScriptBytecodeAdapter.unwrap(ScriptBytecodeAdapter.java:71)
	at org.codehaus.groovy.runtime.callsite.PogoMetaClassSite.callCurrent(PogoMetaClassSite.java:80)
	at org.codehaus.groovy.runtime.callsite.CallSiteArray.defaultCallCurrent(CallSiteArray.java:51)
	at org.codehaus.groovy.runtime.callsite.AbstractCallSite.callCurrent(AbstractCallSite.java:157)
	at org.codehaus.groovy.runtime.callsite.AbstractCallSite.callCurrent(AbstractCallSite.java:161)
	at antworld.relogo.UserObserver.go(UserObserver.groovy:37)
	... 10 more
FATAL [Thread-3] 2019-11-18 17:59:16,905 repast.simphony.ui.GUIScheduleRunner - RunTimeException when running the schedule
Current tick (2546.0)
java.lang.NullPointerException
	at saf.v3d.scene.VComposite.addChild(VComposite.java:46)
	at repast.simphony.visualizationOGL2D.SpatialWrapper.setChild(SpatialWrapper.java:80)
	at repast.simphony.visualizationOGL2D.SpatialWrapper.<init>(SpatialWrapper.java:34)
	at repast.simphony.visualizationOGL2D.StyledDisplayLayerOGL2D.createSpatial(StyledDisplayLayerOGL2D.java:146)
	at repast.simphony.visualizationOGL2D.StyledDisplayLayerOGL2D.processAdded(StyledDisplayLayerOGL2D.java:228)
	at repast.simphony.visualizationOGL2D.StyledDisplayLayerOGL2D.update(StyledDisplayLayerOGL2D.java:250)
	at repast.simphony.visualizationOGL2D.DisplayOGL2D.update(DisplayOGL2D.java:406)
	at repast.simphony.visualization.engine.DisplayComponentControllerAction$DisplayUpdater.execute(DisplayComponentControllerAction.java:48)
	at repast.simphony.engine.schedule.DefaultAction.execute(DefaultAction.java:38)
	at repast.simphony.engine.schedule.ScheduleGroup.executeList(ScheduleGroup.java:205)
	at repast.simphony.engine.schedule.ScheduleGroup.execute(ScheduleGroup.java:238)
	at repast.simphony.engine.schedule.Schedule.execute(Schedule.java:352)
	at repast.simphony.ui.GUIScheduleRunner$ScheduleLoopRunnable.run(GUIScheduleRunner.java:52)
	at java.base/java.lang.Thread.run(Thread.java:835)
FATAL [Thread-3] 2019-11-18 18:06:42,087 repast.simphony.ui.GUIScheduleRunner - RunTimeException when running the schedule
Current tick (0.0)
java.lang.NullPointerException
	at saf.v3d.scene.VComposite.addChild(VComposite.java:46)
	at repast.simphony.visualizationOGL2D.SpatialWrapper.setChild(SpatialWrapper.java:80)
	at repast.simphony.visualizationOGL2D.SpatialWrapper.<init>(SpatialWrapper.java:34)
	at repast.simphony.visualizationOGL2D.StyledDisplayLayerOGL2D.createSpatial(StyledDisplayLayerOGL2D.java:146)
	at repast.simphony.visualizationOGL2D.StyledDisplayLayerOGL2D.processAdded(StyledDisplayLayerOGL2D.java:228)
	at repast.simphony.visualizationOGL2D.StyledDisplayLayerOGL2D.update(StyledDisplayLayerOGL2D.java:250)
	at repast.simphony.visualizationOGL2D.DisplayOGL2D.update(DisplayOGL2D.java:406)
	at repast.simphony.visualizationOGL2D.DisplayOGL2D.setPause(DisplayOGL2D.java:384)
	at repast.simphony.render.RendererManager.setPause(RendererManager.java:49)
	at repast.simphony.ui.GUIScheduleRunner.go(GUIScheduleRunner.java:134)
	at repast.simphony.ui.GUIScheduleRunner$ScheduleLoopRunnable.run(GUIScheduleRunner.java:48)
	at java.base/java.lang.Thread.run(Thread.java:835)
FATAL [Thread-3] 2019-11-18 18:07:26,980 repast.simphony.ui.GUIScheduleRunner - RunTimeException when running the schedule
Current tick (0.0)
java.lang.NullPointerException
	at saf.v3d.scene.VComposite.addChild(VComposite.java:46)
	at repast.simphony.visualizationOGL2D.SpatialWrapper.setChild(SpatialWrapper.java:80)
	at repast.simphony.visualizationOGL2D.SpatialWrapper.<init>(SpatialWrapper.java:34)
	at repast.simphony.visualizationOGL2D.StyledDisplayLayerOGL2D.createSpatial(StyledDisplayLayerOGL2D.java:146)
	at repast.simphony.visualizationOGL2D.StyledDisplayLayerOGL2D.processAdded(StyledDisplayLayerOGL2D.java:228)
	at repast.simphony.visualizationOGL2D.StyledDisplayLayerOGL2D.update(StyledDisplayLayerOGL2D.java:250)
	at repast.simphony.visualizationOGL2D.DisplayOGL2D.update(DisplayOGL2D.java:406)
	at repast.simphony.visualizationOGL2D.DisplayOGL2D.setPause(DisplayOGL2D.java:384)
	at repast.simphony.render.RendererManager.setPause(RendererManager.java:49)
	at repast.simphony.ui.GUIScheduleRunner.go(GUIScheduleRunner.java:134)
	at repast.simphony.ui.GUIScheduleRunner$ScheduleLoopRunnable.run(GUIScheduleRunner.java:48)
	at java.base/java.lang.Thread.run(Thread.java:835)
FATAL [Thread-3] 2019-11-18 18:08:11,550 repast.simphony.ui.GUIScheduleRunner - RunTimeException when running the schedule
Current tick (0.0)
java.lang.NullPointerException
	at saf.v3d.scene.VComposite.addChild(VComposite.java:46)
	at repast.simphony.visualizationOGL2D.SpatialWrapper.setChild(SpatialWrapper.java:80)
	at repast.simphony.visualizationOGL2D.SpatialWrapper.<init>(SpatialWrapper.java:34)
	at repast.simphony.visualizationOGL2D.StyledDisplayLayerOGL2D.createSpatial(StyledDisplayLayerOGL2D.java:146)
	at repast.simphony.visualizationOGL2D.StyledDisplayLayerOGL2D.processAdded(StyledDisplayLayerOGL2D.java:228)
	at repast.simphony.visualizationOGL2D.StyledDisplayLayerOGL2D.update(StyledDisplayLayerOGL2D.java:250)
	at repast.simphony.visualizationOGL2D.DisplayOGL2D.update(DisplayOGL2D.java:406)
	at repast.simphony.visualizationOGL2D.DisplayOGL2D.setPause(DisplayOGL2D.java:384)
	at repast.simphony.render.RendererManager.setPause(RendererManager.java:49)
	at repast.simphony.ui.GUIScheduleRunner.go(GUIScheduleRunner.java:134)
	at repast.simphony.ui.GUIScheduleRunner$ScheduleLoopRunnable.run(GUIScheduleRunner.java:48)
	at java.base/java.lang.Thread.run(Thread.java:835)
FATAL [Thread-3] 2019-11-18 18:09:04,713 repast.simphony.ui.GUIScheduleRunner - RunTimeException when running the schedule
Current tick (0.0)
java.lang.NullPointerException
	at saf.v3d.scene.VComposite.addChild(VComposite.java:46)
	at repast.simphony.visualizationOGL2D.SpatialWrapper.setChild(SpatialWrapper.java:80)
	at repast.simphony.visualizationOGL2D.SpatialWrapper.<init>(SpatialWrapper.java:34)
	at repast.simphony.visualizationOGL2D.StyledDisplayLayerOGL2D.createSpatial(StyledDisplayLayerOGL2D.java:146)
	at repast.simphony.visualizationOGL2D.StyledDisplayLayerOGL2D.processAdded(StyledDisplayLayerOGL2D.java:228)
	at repast.simphony.visualizationOGL2D.StyledDisplayLayerOGL2D.update(StyledDisplayLayerOGL2D.java:250)
	at repast.simphony.visualizationOGL2D.DisplayOGL2D.update(DisplayOGL2D.java:406)
	at repast.simphony.visualizationOGL2D.DisplayOGL2D.setPause(DisplayOGL2D.java:384)
	at repast.simphony.render.RendererManager.setPause(RendererManager.java:49)
	at repast.simphony.ui.GUIScheduleRunner.go(GUIScheduleRunner.java:134)
	at repast.simphony.ui.GUIScheduleRunner$ScheduleLoopRunnable.run(GUIScheduleRunner.java:48)
	at java.base/java.lang.Thread.run(Thread.java:835)
