2019-11-18 14:45:21,565 - Loaded System Directive: org.apache.velocity.runtime.directive.Parse
2019-11-18 14:45:21,566 - Loaded System Directive: org.apache.velocity.runtime.directive.Include
2019-11-18 14:45:21,568 - Loaded System Directive: org.apache.velocity.runtime.directive.Foreach
2019-11-18 14:45:21,612 - Created: 20 parsers.
2019-11-18 14:45:21,618 - Velocimacro : initialization starting.
2019-11-18 14:45:21,618 - Velocimacro : adding VMs from VM library template : VM_global_library.vm
2019-11-18 14:45:21,621 - ResourceManager : unable to find resource 'VM_global_library.vm' in any resource loader.
2019-11-18 14:45:21,621 - Velocimacro : error using  VM library template VM_global_library.vm : org.apache.velocity.exception.ResourceNotFoundException: Unable to find resource 'VM_global_library.vm'
2019-11-18 14:45:21,621 - Velocimacro :  VM library template macro registration complete.
2019-11-18 14:45:21,621 - Velocimacro : allowInline = true : VMs can be defined inline in templates
2019-11-18 14:45:21,621 - Velocimacro : allowInlineToOverride = false : VMs defined inline may NOT replace previous VM definitions
2019-11-18 14:45:21,621 - Velocimacro : allowInlineLocal = false : VMs defined inline will be  global in scope if allowed.
2019-11-18 14:45:21,621 - Velocimacro : messages on  : VM system will output logging messages
2019-11-18 14:45:21,621 - Velocimacro : autoload off  : VM system will not automatically reload global library macros
2019-11-18 14:45:21,621 - Velocimacro : initialization complete.
2019-11-18 14:45:21,621 - Velocity successfully started.
2019-11-18 14:49:35,124 - SimpleLog4JLogSystem initialized using logfile 'velocity.log'
2019-11-18 14:49:35,124 - ************************************************************** 
2019-11-18 14:49:35,125 - Starting Jakarta Velocity v1.4
2019-11-18 14:49:35,125 - RuntimeInstance initializing.
2019-11-18 14:49:35,125 - Default Properties File: org/apache/velocity/runtime/defaults/velocity.properties
2019-11-18 14:49:35,125 - Trying to use logger class org.apache.velocity.runtime.log.SimpleLog4JLogSystem
2019-11-18 14:49:35,125 - Using logger class org.apache.velocity.runtime.log.SimpleLog4JLogSystem
2019-11-18 14:49:35,128 - Default ResourceManager initializing. (class org.apache.velocity.runtime.resource.ResourceManagerImpl)
2019-11-18 14:49:35,130 - Resource Loader Instantiated: org.apache.velocity.runtime.resource.loader.ClasspathResourceLoader
2019-11-18 14:49:35,130 - ClasspathResourceLoader : initialization starting.
2019-11-18 14:49:35,130 - ClasspathResourceLoader : initialization complete.
2019-11-18 14:49:35,132 - ResourceCache : initialized. (class org.apache.velocity.runtime.resource.ResourceCacheImpl)
2019-11-18 14:49:35,132 - Default ResourceManager initialization complete.
2019-11-18 14:49:35,133 - Loaded System Directive: org.apache.velocity.runtime.directive.Literal
2019-11-18 14:49:35,135 - Loaded System Directive: org.apache.velocity.runtime.directive.Macro
2019-11-18 14:49:35,137 - Loaded System Directive: org.apache.velocity.runtime.directive.Parse
2019-11-18 14:49:35,138 - Loaded System Directive: org.apache.velocity.runtime.directive.Include
2019-11-18 14:49:35,140 - Loaded System Directive: org.apache.velocity.runtime.directive.Foreach
2019-11-18 14:49:35,172 - Created: 20 parsers.
2019-11-18 14:49:35,175 - Velocimacro : initialization starting.
2019-11-18 14:49:35,175 - Velocimacro : adding VMs from VM library template : VM_global_library.vm
2019-11-18 14:49:35,176 - ResourceManager : unable to find resource 'VM_global_library.vm' in any resource loader.
2019-11-18 14:49:35,176 - Velocimacro : error using  VM library template VM_global_library.vm : org.apache.velocity.exception.ResourceNotFoundException: Unable to find resource 'VM_global_library.vm'
2019-11-18 14:49:35,177 - Velocimacro :  VM library template macro registration complete.
2019-11-18 14:49:35,177 - Velocimacro : allowInline = true : VMs can be defined inline in templates
2019-11-18 14:49:35,177 - Velocimacro : allowInlineToOverride = false : VMs defined inline may NOT replace previous VM definitions
2019-11-18 14:49:35,177 - Velocimacro : allowInlineLocal = false : VMs defined inline will be  global in scope if allowed.
2019-11-18 14:49:35,177 - Velocimacro : messages on  : VM system will output logging messages
2019-11-18 14:49:35,177 - Velocimacro : autoload off  : VM system will not automatically reload global library macros
2019-11-18 14:49:35,177 - Velocimacro : initialization complete.
2019-11-18 14:49:35,177 - Velocity successfully started.
2019-11-18 14:51:25,387 - SimpleLog4JLogSystem initialized using logfile 'velocity.log'
2019-11-18 14:51:25,387 - ************************************************************** 
2019-11-18 14:51:25,388 - Starting Jakarta Velocity v1.4
2019-11-18 14:51:25,388 - RuntimeInstance initializing.
2019-11-18 14:51:25,388 - Default Properties File: org/apache/velocity/runtime/defaults/velocity.properties
2019-11-18 14:51:25,388 - Trying to use logger class org.apache.velocity.runtime.log.SimpleLog4JLogSystem
2019-11-18 14:51:25,388 - Using logger class org.apache.velocity.runtime.log.SimpleLog4JLogSystem
2019-11-18 14:51:25,391 - Default ResourceManager initializing. (class org.apache.velocity.runtime.resource.ResourceManagerImpl)
2019-11-18 14:51:25,393 - Resource Loader Instantiated: org.apache.velocity.runtime.resource.loader.ClasspathResourceLoader
2019-11-18 14:51:25,393 - ClasspathResourceLoader : initialization starting.
2019-11-18 14:51:25,393 - ClasspathResourceLoader : initialization complete.
2019-11-18 14:51:25,394 - ResourceCache : initialized. (class org.apache.velocity.runtime.resource.ResourceCacheImpl)
2019-11-18 14:51:25,394 - Default ResourceManager initialization complete.
2019-11-18 14:51:25,396 - Loaded System Directive: org.apache.velocity.runtime.directive.Literal
2019-11-18 14:51:25,398 - Loaded System Directive: org.apache.velocity.runtime.directive.Macro
2019-11-18 14:51:25,399 - Loaded System Directive: org.apache.velocity.runtime.directive.Parse
2019-11-18 14:51:25,400 - Loaded System Directive: org.apache.velocity.runtime.directive.Include
2019-11-18 14:51:25,401 - Loaded System Directive: org.apache.velocity.runtime.directive.Foreach
2019-11-18 14:51:25,437 - Created: 20 parsers.
2019-11-18 14:51:25,442 - Velocimacro : initialization starting.
2019-11-18 14:51:25,442 - Velocimacro : adding VMs from VM library template : VM_global_library.vm
2019-11-18 14:51:25,444 - ResourceManager : unable to find resource 'VM_global_library.vm' in any resource loader.
2019-11-18 14:51:25,444 - Velocimacro : error using  VM library template VM_global_library.vm : org.apache.velocity.exception.ResourceNotFoundException: Unable to find resource 'VM_global_library.vm'
2019-11-18 14:51:25,445 - Velocimacro :  VM library template macro registration complete.
2019-11-18 14:51:25,445 - Velocimacro : allowInline = true : VMs can be defined inline in templates
2019-11-18 14:51:25,445 - Velocimacro : allowInlineToOverride = false : VMs defined inline may NOT replace previous VM definitions
2019-11-18 14:51:25,445 - Velocimacro : allowInlineLocal = false : VMs defined inline will be  global in scope if allowed.
2019-11-18 14:51:25,445 - Velocimacro : messages on  : VM system will output logging messages
2019-11-18 14:51:25,445 - Velocimacro : autoload off  : VM system will not automatically reload global library macros
2019-11-18 14:51:25,445 - Velocimacro : initialization complete.
2019-11-18 14:51:25,445 - Velocity successfully started.
2019-11-18 14:52:20,434 - SimpleLog4JLogSystem initialized using logfile 'velocity.log'
2019-11-18 14:52:20,434 - ************************************************************** 
2019-11-18 14:52:20,435 - Starting Jakarta Velocity v1.4
2019-11-18 14:52:20,435 - RuntimeInstance initializing.
2019-11-18 14:52:20,435 - Default Properties File: org/apache/velocity/runtime/defaults/velocity.properties
2019-11-18 14:52:20,435 - Trying to use logger class org.apache.velocity.runtime.log.SimpleLog4JLogSystem
2019-11-18 14:52:20,435 - Using logger class org.apache.velocity.runtime.log.SimpleLog4JLogSystem
2019-11-18 14:52:20,438 - Default ResourceManager initializing. (class org.apache.velocity.runtime.resource.ResourceManagerImpl)
2019-11-18 14:52:20,440 - Resource Loader Instantiated: org.apache.velocity.runtime.resource.loader.ClasspathResourceLoader
2019-11-18 14:52:20,440 - ClasspathResourceLoader : initialization starting.
2019-11-18 14:52:20,440 - ClasspathResourceLoader : initialization complete.
2019-11-18 14:52:20,442 - ResourceCache : initialized. (class org.apache.velocity.runtime.resource.ResourceCacheImpl)
2019-11-18 14:52:20,442 - Default ResourceManager initialization complete.
2019-11-18 14:52:20,444 - Loaded System Directive: org.apache.velocity.runtime.directive.Literal
2019-11-18 14:52:20,446 - Loaded System Directive: org.apache.velocity.runtime.directive.Macro
2019-11-18 14:52:20,447 - Loaded System Directive: org.apache.velocity.runtime.directive.Parse
2019-11-18 14:52:20,449 - Loaded System Directive: org.apache.velocity.runtime.directive.Include
2019-11-18 14:52:20,449 - Loaded System Directive: org.apache.velocity.runtime.directive.Foreach
2019-11-18 14:52:20,474 - Created: 20 parsers.
2019-11-18 14:52:20,478 - Velocimacro : initialization starting.
2019-11-18 14:52:20,478 - Velocimacro : adding VMs from VM library template : VM_global_library.vm
2019-11-18 14:52:20,480 - ResourceManager : unable to find resource 'VM_global_library.vm' in any resource loader.
2019-11-18 14:52:20,480 - Velocimacro : error using  VM library template VM_global_library.vm : org.apache.velocity.exception.ResourceNotFoundException: Unable to find resource 'VM_global_library.vm'
2019-11-18 14:52:20,480 - Velocimacro :  VM library template macro registration complete.
2019-11-18 14:52:20,480 - Velocimacro : allowInline = true : VMs can be defined inline in templates
2019-11-18 14:52:20,480 - Velocimacro : allowInlineToOverride = false : VMs defined inline may NOT replace previous VM definitions
2019-11-18 14:52:20,480 - Velocimacro : allowInlineLocal = false : VMs defined inline will be  global in scope if allowed.
2019-11-18 14:52:20,480 - Velocimacro : messages on  : VM system will output logging messages
2019-11-18 14:52:20,480 - Velocimacro : autoload off  : VM system will not automatically reload global library macros
2019-11-18 14:52:20,480 - Velocimacro : initialization complete.
2019-11-18 14:52:20,480 - Velocity successfully started.
